Z:\TP2_EXO2\DEBUG\TP2_EXO2.ILK
Z:\TP2_EXO2\DEBUG\TP2_EXO2.EXE
Z:\TP2_EXO2\DEBUG\TP2_EXO2.PDB
Z:\TP2_EXO2\TP2_EXO2\DEBUG\MAIN.OBJ
Z:\TP2_EXO2\TP2_EXO2\DEBUG\VC110.PDB
Z:\TP2_Exo2\TP2_Exo2\Debug\main.obj
Z:\TP2_Exo2\TP2_Exo2\Debug\link-cvtres.write.1.tlog
Z:\TP2_Exo2\TP2_Exo2\Debug\cl.command.1.tlog
Z:\TP2_Exo2\TP2_Exo2\Debug\link.write.1.tlog
Z:\TP2_Exo2\TP2_Exo2\Debug\link-cvtres.read.1.tlog
Z:\TP2_Exo2\TP2_Exo2\Debug\CL.read.1.tlog
Z:\TP2_Exo2\TP2_Exo2\Debug\CL.write.1.tlog
Z:\TP2_Exo2\TP2_Exo2\Debug\link-rc.read.1.tlog
Z:\TP2_Exo2\TP2_Exo2\Debug\link.command.1.tlog
Z:\TP2_Exo2\TP2_Exo2\Debug\link-rc.write.1.tlog
Z:\TP2_Exo2\TP2_Exo2\Debug\link.read.1.tlog
Z:\TP2_Exo2\TP2_Exo2\Debug\vc110.idb
Z:\TP2_Exo2\TP2_Exo2\Debug\vc110.pdb
Z:\TP2_Exo2\Debug\TP2_Exo2.pdb
Z:\TP2_Exo2\Debug\TP2_Exo2.exe
Z:\TP2_Exo2\Debug\TP2_Exo2.ilk
